\BOOKMARK [0][-]{Doc-Start}{\376\377\000R\000e\000s\000u\000m\000e\000n}{}% 1
\BOOKMARK [0][-]{Doc-Start}{\376\377\000A\000b\000s\000t\000r\000a\000c\000t}{}% 2
\BOOKMARK [0][-]{chapter*.2}{\376\377\000\315\000n\000d\000i\000c\000e\000\040\000d\000e\000\040\000f\000i\000g\000u\000r\000a\000s}{}% 3
\BOOKMARK [0][-]{chapter*.3}{\376\377\000\315\000n\000d\000i\000c\000e\000\040\000d\000e\000\040\000t\000a\000b\000l\000a\000s}{}% 4
\BOOKMARK [0][-]{chapter*.3}{\376\377\000A\000c\000r\000\363\000n\000i\000m\000o\000s\000\040\000y\000\040\000s\000\355\000m\000b\000o\000l\000o\000s}{}% 5
\BOOKMARK [0][-]{chapter.1}{\376\377\000I\000n\000t\000r\000o\000d\000u\000c\000c\000i\000\363\000n}{}% 6
\BOOKMARK [1][-]{section.1.1}{\376\377\000M\000o\000t\000i\000v\000a\000c\000i\000\363\000n}{chapter.1}% 7
\BOOKMARK [1][-]{section.1.2}{\376\377\000D\000e\000f\000i\000n\000i\000c\000i\000\363\000n\000\040\000d\000e\000l\000\040\000p\000r\000o\000b\000l\000e\000m\000a}{chapter.1}% 8
\BOOKMARK [1][-]{section.1.3}{\376\377\000O\000b\000j\000e\000t\000i\000v\000o\000s}{chapter.1}% 9
\BOOKMARK [2][-]{subsection.1.3.1}{\376\377\000G\000e\000n\000e\000r\000a\000l}{section.1.3}% 10
\BOOKMARK [2][-]{subsection.1.3.2}{\376\377\000E\000s\000p\000e\000c\000\355\000f\000i\000c\000o}{section.1.3}% 11
\BOOKMARK [1][-]{section.1.4}{\376\377\000H\000i\000p\000\363\000t\000e\000s\000i\000s}{chapter.1}% 12
\BOOKMARK [1][-]{section.1.5}{\376\377\000F\000u\000n\000d\000a\000m\000e\000n\000t\000a\000c\000i\000\363\000n}{chapter.1}% 13
\BOOKMARK [1][-]{section.1.6}{\376\377\000I\000m\000p\000a\000c\000t\000o\000\040\000d\000e\000\040\000l\000a\000\040\000i\000n\000v\000e\000s\000t\000i\000g\000a\000c\000i\000\363\000n}{chapter.1}% 14
\BOOKMARK [1][-]{section.1.7}{\376\377\000O\000r\000g\000a\000n\000i\000z\000a\000c\000i\000\363\000n\000\040\000d\000e\000l\000\040\000t\000r\000a\000b\000a\000j\000o\000.}{chapter.1}% 15
\BOOKMARK [0][-]{chapter.2}{\376\377\000C\000o\000n\000c\000e\000p\000t\000o\000s\000\040\000f\000u\000n\000d\000a\000m\000e\000n\000t\000a\000l\000e\000s\000,\000\040\000t\000e\000o\000r\000\355\000a\000s\000\040\000y\000\040\000a\000n\000t\000e\000c\000e\000d\000e\000n\000t\000e\000s}{}% 16
\BOOKMARK [1][-]{section.2.1}{\376\377\000P\000r\000e\000d\000i\000c\000c\000i\000o\000n\000e\000s\000\040\000d\000e\000\040\000C\000o\000m\000p\000r\000a\000s}{chapter.2}% 17
\BOOKMARK [2][-]{subsection.2.1.1}{\376\377\000R\000e\000l\000a\000c\000i\000\363\000n\000\040\000d\000e\000\040\000D\000e\000m\000a\000n\000d\000a\000\040\000y\000\040\000G\000e\000s\000t\000i\000\363\000n\000\040\000d\000e\000\040\000S\000u\000m\000i\000n\000i\000s\000t\000r\000o}{section.2.1}% 18
\BOOKMARK [2][-]{subsection.2.1.2}{\376\377\000I\000m\000p\000o\000r\000t\000a\000n\000c\000i\000a\000\040\000d\000e\000\040\000l\000a\000\040\000P\000r\000e\000d\000i\000c\000c\000i\000\363\000n\000\040\000d\000e\000\040\000C\000o\000m\000p\000r\000a\000\040\000d\000e\000\040\000I\000n\000s\000u\000m\000o\000s}{section.2.1}% 19
\BOOKMARK [2][-]{subsection.2.1.3}{\376\377\000F\000a\000c\000t\000o\000r\000e\000s\000\040\000q\000u\000e\000\040\000I\000n\000f\000l\000u\000y\000e\000n\000\040\000e\000n\000\040\000l\000a\000\040\000C\000u\000r\000v\000a\000\040\000d\000e\000\040\000I\000n\000s\000u\000m\000o\000s\000\040\000D\000e\000m\000a\000n\000d\000a\000d\000o\000s}{section.2.1}% 20
\BOOKMARK [1][-]{section.2.2}{\376\377\000T\000i\000e\000m\000p\000o\000s\000\040\000A\000c\000t\000u\000a\000l\000e\000s\000\040\000e\000n\000\040\000l\000a\000s\000\040\000P\000r\000e\000d\000i\000c\000c\000i\000o\000n\000e\000s\000\040\000d\000e\000\040\000D\000e\000m\000a\000n\000d\000a}{chapter.2}% 21
\BOOKMARK [1][-]{section.2.3}{\376\377\000S\000i\000s\000t\000e\000m\000a\000\040\000d\000e\000\040\000i\000n\000f\000o\000r\000m\000a\000c\000i\000\363\000n\000\040}{chapter.2}% 22
\BOOKMARK [1][-]{section.2.4}{\376\377\000M\000i\000n\000e\000r\000i\000a\000\040\000d\000e\000\040\000d\000a\000t\000o\000s}{chapter.2}% 23
\BOOKMARK [1][-]{section.2.5}{\376\377\000I\000n\000t\000e\000l\000i\000g\000e\000n\000c\000i\000a\000\040\000A\000r\000t\000i\000f\000i\000c\000i\000a\000l}{chapter.2}% 24
\BOOKMARK [2][-]{subsection.2.5.1}{\376\377\000E\000l\000\040\000a\000p\000r\000e\000n\000d\000i\000z\000a\000j\000e\000\040\000a\000u\000t\000o\000m\000\341\000t\000i\000c\000o\000\040\000\050\000m\000a\000c\000h\000i\000n\000e\000\040\000l\000e\000a\000r\000n\000i\000n\000g\000\051}{section.2.5}% 25
\BOOKMARK [2][-]{subsection.2.5.2}{\376\377\000A\000p\000r\000e\000n\000d\000i\000z\000a\000j\000e\000\040\000s\000u\000p\000e\000r\000v\000i\000s\000a\000d\000o}{section.2.5}% 26
\BOOKMARK [2][-]{subsection.2.5.3}{\376\377\000A\000p\000r\000e\000n\000d\000i\000z\000a\000j\000e\000\040\000n\000o\000\040\000s\000u\000p\000e\000r\000v\000i\000s\000a\000d\000o}{section.2.5}% 27
\BOOKMARK [2][-]{subsection.2.5.4}{\376\377\000R\000e\000d\000e\000s\000\040\000N\000e\000u\000r\000o\000n\000a\000l\000e\000s\000\040\000A\000r\000t\000i\000f\000i\000c\000i\000a\000l\000e\000s}{section.2.5}% 28
\BOOKMARK [2][-]{subsection.2.5.5}{\376\377\000C\000a\000p\000a\000s\000\040\000d\000e\000\040\000l\000a\000\040\000n\000e\000u\000r\000o\000n\000a\000\040\000a\000r\000t\000i\000f\000i\000c\000i\000a\000l}{section.2.5}% 29
\BOOKMARK [2][-]{subsection.2.5.6}{\376\377\000M\000o\000d\000e\000l\000o\000\040\000d\000e\000\040\000r\000e\000d\000e\000s\000\040\000n\000e\000u\000r\000o\000n\000a\000l\000e\000s\000\040\000a\000r\000t\000i\000f\000i\000c\000i\000a\000l\000e\000s}{section.2.5}% 30
\BOOKMARK [2][-]{subsection.2.5.7}{\376\377\000A\000r\000q\000u\000i\000t\000e\000c\000t\000u\000r\000a\000\040\000d\000e\000\040\000u\000n\000a\000\040\000r\000e\000d\000\040\000n\000e\000u\000r\000o\000n\000a\000l}{section.2.5}% 31
\BOOKMARK [2][-]{subsection.2.5.8}{\376\377\000R\000e\000d\000e\000s\000\040\000n\000e\000u\000r\000o\000n\000a\000l\000e\000s\000\040\000r\000e\000c\000u\000r\000r\000e\000n\000t\000e\000s\000\040\000\050\000R\000N\000N\000\051}{section.2.5}% 32
\BOOKMARK [2][-]{subsection.2.5.9}{\376\377\000A\000r\000q\000u\000i\000t\000e\000c\000t\000u\000r\000a\000\040\000b\000\341\000s\000i\000c\000a\000\040\000d\000e\000\040\000u\000n\000a\000\040\000R\000N\000N}{section.2.5}% 33
\BOOKMARK [2][-]{subsection.2.5.10}{\376\377\000R\000e\000d\000e\000s\000\040\000d\000e\000\040\000M\000e\000m\000o\000r\000i\000a\000\040\000C\000o\000r\000t\000a\000\040\000y\000\040\000L\000a\000r\000g\000a\000\040\000L\000S\000T\000M}{section.2.5}% 34
\BOOKMARK [2][-]{subsection.2.5.11}{\376\377\000M\000o\000d\000e\000l\000o\000\040\000d\000e\000\040\000R\000e\000g\000r\000e\000s\000i\000\363\000n\000\040\000L\000i\000n\000e\000a\000l}{section.2.5}% 35
\BOOKMARK [2][-]{subsection.2.5.12}{\376\377\000L\000o\000s\000\040\000p\000e\000s\000o\000s\000\040\000s\000i\000n\000\341\000p\000t\000i\000c\000o\000s}{section.2.5}% 36
\BOOKMARK [2][-]{subsection.2.5.13}{\376\377\000P\000e\000r\000c\000e\000p\000t\000r\000o\000n}{section.2.5}% 37
\BOOKMARK [2][-]{subsection.2.5.14}{\376\377\000P\000e\000r\000c\000e\000p\000t\000r\000\363\000n\000\040\000m\000u\000l\000t\000i\000c\000a}{section.2.5}% 38
\BOOKMARK [1][-]{section.2.6}{\376\377\000S\000e\000r\000i\000e\000s\000\040\000d\000e\000\040\000T\000i\000e\000m\000p\000o}{chapter.2}% 39
\BOOKMARK [1][-]{section.2.7}{\376\377\000A\000n\000t\000e\000c\000e\000d\000e\000n\000t\000e\000s}{chapter.2}% 40
\BOOKMARK [0][-]{chapter.3}{\376\377\000P\000r\000e\000d\000i\000c\000c\000i\000\363\000n\000\040\000d\000e\000\040\000l\000a\000\040\000d\000e\000m\000a\000n\000d\000a}{}% 41
\BOOKMARK [1][-]{section.3.1}{\376\377\000P\000r\000e\000p\000r\000o\000c\000e\000s\000a\000m\000i\000e\000n\000t\000o\000\040\000d\000e\000\040\000d\000a\000t\000o\000s}{chapter.3}% 42
\BOOKMARK [1][-]{section.3.2}{\376\377\000A\000n\000\341\000l\000i\000s\000i\000s\000\040\000d\000e\000\040\000l\000o\000s\000\040\000d\000a\000t\000o\000s\000\040}{chapter.3}% 43
\BOOKMARK [1][-]{section.3.3}{\376\377\000D\000e\000f\000i\000n\000i\000c\000i\000\363\000n\000\040\000d\000e\000\040\000v\000a\000r\000i\000a\000b\000l\000e\000s\000\040\000d\000e\000\040\000e\000n\000t\000r\000a\000d\000a\000\040\000y\000\040\000s\000a\000l\000i\000d\000a}{chapter.3}% 44
\BOOKMARK [1][-]{section.3.4}{\376\377\000L\000e\000c\000t\000u\000r\000a\000\040\000y\000\040\000e\000s\000c\000a\000l\000a\000d\000o\000\040\000d\000e\000l\000\040\000d\000a\000t\000a\000s\000e\000t\000\040\000e\000n\000\040\000P\000y\000t\000h\000o\000n}{chapter.3}% 45
\BOOKMARK [1][-]{section.3.5}{\376\377\000D\000i\000s\000t\000r\000i\000b\000u\000c\000i\000\363\000n\000\040\000d\000e\000l\000\040\000c\000o\000n\000j\000u\000n\000t\000o\000\040\000d\000e\000\040\000d\000a\000t\000o\000s}{chapter.3}% 46
\BOOKMARK [1][-]{section.3.6}{\376\377\000A\000p\000l\000i\000c\000a\000c\000i\000\363\000n\000\040\000y\000\040\000c\000o\000m\000p\000a\000r\000a\000c\000i\000\363\000n\000\040\000d\000e\000\040\000t\000\351\000c\000n\000i\000c\000a\000s\000\040\000M\000L}{chapter.3}% 47
\BOOKMARK [2][-]{subsection.3.6.1}{\376\377\000R\000e\000g\000r\000e\000s\000i\000\363\000n\000\040\000l\000i\000n\000e\000a\000l}{section.3.6}% 48
\BOOKMARK [2][-]{subsection.3.6.2}{\376\377\000L\000S\000T\000M}{section.3.6}% 49
\BOOKMARK [1][-]{section.3.7}{\376\377\000A\000f\000i\000n\000a\000c\000i\000\363\000n\000\040\000d\000e\000\040\000h\000i\000p\000e\000r\000p\000a\000r\000\341\000m\000e\000t\000r\000o\000s\000\040\000c\000o\000n\000\040\000b\000a\000s\000e\000\040\000e\000n\000\040\000p\000o\000r\000c\000e\000n\000t\000a\000j\000e\000\240\000d\000e\000\240\000p\000\351\000r\000d\000i\000d\000a\000\240\000R\000M\000S}{chapter.3}% 50
\BOOKMARK [0][-]{chapter.4}{\376\377\000R\000e\000s\000u\000l\000t\000a\000d\000o\000s}{}% 51
\BOOKMARK [1][-]{section.4.1}{\376\377\000M\000e\000t\000r\000i\000c\000a\000s\000\040\000d\000e\000\040\000r\000e\000n\000d\000i\000m\000i\000e\000n\000t\000o}{chapter.4}% 52
\BOOKMARK [2][-]{subsection.4.1.1}{\376\377\000M\000o\000d\000e\000l\000o\000\040\000d\000e\000\040\000r\000e\000g\000r\000e\000s\000i\000\363\000n\000\040\000l\000i\000n\000e\000a\000l}{section.4.1}% 53
\BOOKMARK [2][-]{subsection.4.1.2}{\376\377\000M\000o\000d\000e\000l\000o\000\040\000L\000S\000T\000M}{section.4.1}% 54
\BOOKMARK [1][-]{section.4.2}{\376\377\000I\000n\000f\000o\000r\000m\000e\000\040\000d\000e\000\040\000p\000r\000e\000d\000i\000c\000c\000i\000\363\000n\000\040\000d\000e\000\040\000c\000o\000m\000p\000r\000a\000s}{chapter.4}% 55
\BOOKMARK [0][-]{chapter.5}{\376\377\000D\000i\000s\000c\000u\000s\000i\000\363\000n}{}% 56
\BOOKMARK [1][-]{section.5.1}{\376\377\000L\000o\000g\000r\000o\000s\000\040\000a\000l\000c\000a\000n\000z\000a\000d\000o\000s}{chapter.5}% 57
\BOOKMARK [1][-]{section.5.2}{\376\377\000S\000o\000l\000u\000c\000i\000\363\000n\000\040\000d\000e\000l\000\040\000p\000r\000o\000b\000l\000e\000m\000a\000\040\000d\000e\000\040\000i\000n\000v\000e\000s\000t\000i\000g\000a\000c\000i\000n}{chapter.5}% 58
\BOOKMARK [1][-]{section.5.3}{\376\377\000S\000u\000g\000e\000r\000e\000n\000c\000i\000a\000s\000\040\000p\000a\000r\000a\000\040\000f\000u\000t\000u\000r\000a\000s\000\040\000i\000n\000v\000e\000s\000t\000i\000g\000a\000c\000i\000o\000n\000e\000s}{chapter.5}% 59
\BOOKMARK [0][-]{section.5.3}{\376\377\000G\000l\000o\000s\000a\000r\000i\000o}{}% 60
\BOOKMARK [0][-]{section.5.3}{\376\377\000A\000n\000e\000x\000o\000s}{}% 61
\BOOKMARK [0][-]{chapter*.9}{\376\377\000A\000n\000e\000x\000o\000\040\000A\000.}{}% 62
\BOOKMARK [0][-]{chapter*.9}{\376\377\000R\000e\000f\000e\000r\000e\000n\000c\000i\000a\000s\000\040\000b\000i\000b\000l\000i\000o\000g\000r\000\341\000f\000i\000c\000a\000s}{}% 63
